<?xml version="1.0" encoding="UTF-8"?>
<testng-results ignored="0" total="1" passed="1" failed="0" skipped="0">
  <reporter-output>
  </reporter-output>
  <suite started-at="2022-12-22T02:12:07Z" name="Default suite" finished-at="2022-12-22T02:12:17Z" duration-ms="10068">
    <groups>
    </groups>
    <test started-at="2022-12-22T02:12:07Z" name="Default test" finished-at="2022-12-22T02:12:17Z" duration-ms="10068">
      <class name="com.KuldeepSingh.AssignmentSelenium.Q3MultipleTabs">
        <test-method is-config="true" signature="setup()[pri:0, instance:com.KuldeepSingh.AssignmentSelenium.Q3MultipleTabs@ca30bc1]" started-at="2022-12-22T02:12:07Z" name="setup" finished-at="2022-12-22T02:12:11Z" duration-ms="3867" status="PASS">
          <reporter-output>
          </reporter-output>
        </test-method> <!-- setup -->
        <test-method signature="openLinks()[pri:0, instance:com.KuldeepSingh.AssignmentSelenium.Q3MultipleTabs@ca30bc1]" started-at="2022-12-22T02:12:11Z" name="openLinks" finished-at="2022-12-22T02:12:17Z" duration-ms="5985" status="PASS">
          <reporter-output>
          </reporter-output>
        </test-method> <!-- openLinks -->
        <test-method is-config="true" signature="tearDown()[pri:0, instance:com.KuldeepSingh.AssignmentSelenium.Q3MultipleTabs@ca30bc1]" started-at="2022-12-22T02:12:17Z" name="tearDown" finished-at="2022-12-22T02:12:17Z" duration-ms="204" status="PASS">
          <reporter-output>
          </reporter-output>
        </test-method> <!-- tearDown -->
      </class> <!-- com.KuldeepSingh.AssignmentSelenium.Q3MultipleTabs -->
    </test> <!-- Default test -->
  </suite> <!-- Default suite -->
</testng-results>
